# JRE version: Java(TM) SE Runtime Environment (21.0.6+8) (build 21.0.6+8-LTS-188)
# Java VM: Java HotSpot(TM) 64-Bit Server VM (21.0.6+8-LTS-188, mixed mode, emulated-client, sharing, tiered, compressed oops, compressed class ptrs, g1 gc, windows-amd64)
GC Precious Log:
 CardTable entry size: 512
 Card Set container configuration: InlinePtr #cards 4 size 8 Array Of Cards #cards 16 size 48 Howl #buckets 8 coarsen threshold 3686 Howl Bitmap #cards 512 size 80 coarsen threshold 460 Card regions per heap region 1 cards per card region 4096
 CPUs: 12 total, 12 available
 Memory: 15676M
 Large Page Support: Disabled
 NUMA Support: Disabled
 Compressed Oops: Enabled (Zero based)
 Heap Region Size: 2M
 Heap Min Capacity: 8M
 Heap Initial Capacity: 246M
 Heap Max Capacity: 3920M
 Pre-touch: Disabled
 Parallel Workers: 10
 Concurrent Workers: 3
 Concurrent Refinement Workers: 10
 Periodic GC: Disabled
Heap:
 garbage-first heap   total 116736K, used 54600K [0x000000070b000000, 0x0000000800000000)
  region size 2048K, 4 young (8192K), 4 survivors (8192K)
 Metaspace       used 84251K, committed 84992K, reserved 1179648K
  class space    used 12150K, committed 12480K, reserved 1048576K
GC Heap History (20 events):
Event: 3.592 GC heap after
{Heap after GC invocations=8 (full 0):
 garbage-first heap   total 61440K, used 23170K [0x000000070b000000, 0x0000000800000000)
  region size 2048K, 2 young (4096K), 2 survivors (4096K)
 Metaspace       used 32698K, committed 33280K, reserved 1114112K
  class space    used 4480K, committed 4736K, reserved 1048576K
}
Event: 3.855 GC heap before
{Heap before GC invocations=8 (full 0):
 garbage-first heap   total 61440K, used 45698K [0x000000070b000000, 0x0000000800000000)
  region size 2048K, 14 young (28672K), 2 survivors (4096K)
 Metaspace       used 35340K, committed 35968K, reserved 1114112K
  class space    used 4845K, committed 5120K, reserved 1048576K
}
Event: 3.858 GC heap after
{Heap after GC invocations=9 (full 0):
 garbage-first heap   total 61440K, used 25049K [0x000000070b000000, 0x0000000800000000)
  region size 2048K, 1 young (2048K), 1 survivors (2048K)
 Metaspace       used 35340K, committed 35968K, reserved 1114112K
  class space    used 4845K, committed 5120K, reserved 1048576K
}
Event: 4.228 GC heap before
{Heap before GC invocations=10 (full 0):
 garbage-first heap   total 61440K, used 47577K [0x000000070b000000, 0x0000000800000000)
  region size 2048K, 13 young (26624K), 1 survivors (2048K)
 Metaspace       used 40586K, committed 41280K, reserved 1114112K
  class space    used 5645K, committed 5952K, reserved 1048576K
}
Event: 4.230 GC heap after
{Heap after GC invocations=11 (full 0):
 garbage-first heap   total 157696K, used 26510K [0x000000070b000000, 0x0000000800000000)
  region size 2048K, 2 young (4096K), 2 survivors (4096K)
 Metaspace       used 40586K, committed 41280K, reserved 1114112K
  class space    used 5645K, committed 5952K, reserved 1048576K
}
Event: 5.455 GC heap before
{Heap before GC invocations=11 (full 0):
 garbage-first heap   total 157696K, used 92046K [0x000000070b000000, 0x0000000800000000)
  region size 2048K, 36 young (73728K), 2 survivors (4096K)
 Metaspace       used 59537K, committed 60160K, reserved 1114112K
  class space    used 8097K, committed 8384K, reserved 1048576K
}
Event: 5.461 GC heap after
{Heap after GC invocations=12 (full 0):
 garbage-first heap   total 157696K, used 32018K [0x000000070b000000, 0x0000000800000000)
  region size 2048K, 5 young (10240K), 5 survivors (10240K)
 Metaspace       used 59537K, committed 60160K, reserved 1114112K
  class space    used 8097K, committed 8384K, reserved 1048576K
}
Event: 5.477 GC heap before
{Heap before GC invocations=12 (full 0):
 garbage-first heap   total 157696K, used 34066K [0x000000070b000000, 0x0000000800000000)
  region size 2048K, 7 young (14336K), 5 survivors (10240K)
 Metaspace       used 59843K, committed 60480K, reserved 1114112K
  class space    used 8138K, committed 8448K, reserved 1048576K
}
Event: 5.480 GC heap after
{Heap after GC invocations=13 (full 0):
 garbage-first heap   total 157696K, used 32317K [0x000000070b000000, 0x0000000800000000)
  region size 2048K, 3 young (6144K), 3 survivors (6144K)
 Metaspace       used 59843K, committed 60480K, reserved 1114112K
  class space    used 8138K, committed 8448K, reserved 1048576K
}
Event: 6.240 GC heap before
{Heap before GC invocations=14 (full 0):
 garbage-first heap   total 116736K, used 95805K [0x000000070b000000, 0x0000000800000000)
  region size 2048K, 34 young (69632K), 3 survivors (6144K)
 Metaspace       used 69140K, committed 69824K, reserved 1114112K
  class space    used 9604K, committed 9920K, reserved 1048576K
}
Event: 6.243 GC heap after
{Heap after GC invocations=15 (full 0):
 garbage-first heap   total 116736K, used 34349K [0x000000070b000000, 0x0000000800000000)
  region size 2048K, 2 young (4096K), 2 survivors (4096K)
 Metaspace       used 69140K, committed 69824K, reserved 1114112K
  class space    used 9604K, committed 9920K, reserved 1048576K
}
Event: 7.243 GC heap before
{Heap before GC invocations=15 (full 0):
 garbage-first heap   total 116736K, used 99885K [0x000000070b000000, 0x0000000800000000)
  region size 2048K, 34 young (69632K), 2 survivors (4096K)
 Metaspace       used 78797K, committed 79552K, reserved 1179648K
  class space    used 11126K, committed 11456K, reserved 1048576K
}
Event: 7.247 GC heap after
{Heap after GC invocations=16 (full 0):
 garbage-first heap   total 116736K, used 39244K [0x000000070b000000, 0x0000000800000000)
  region size 2048K, 4 young (8192K), 4 survivors (8192K)
 Metaspace       used 78797K, committed 79552K, reserved 1179648K
  class space    used 11126K, committed 11456K, reserved 1048576K
}
Event: 7.598 GC heap before
{Heap before GC invocations=16 (full 0):
 garbage-first heap   total 116736K, used 98636K [0x000000070b000000, 0x0000000800000000)
  region size 2048K, 33 young (67584K), 4 survivors (8192K)
 Metaspace       used 83242K, committed 83968K, reserved 1179648K
  class space    used 11958K, committed 12288K, reserved 1048576K
}
Event: 7.602 GC heap after
{Heap after GC invocations=17 (full 0):
 garbage-first heap   total 116736K, used 42059K [0x000000070b000000, 0x0000000800000000)
  region size 2048K, 4 young (8192K), 4 survivors (8192K)
 Metaspace       used 83242K, committed 83968K, reserved 1179648K
  class space    used 11958K, committed 12288K, reserved 1048576K
}
Event: 7.725 GC heap before
{Heap before GC invocations=17 (full 0):
 garbage-first heap   total 116736K, used 99403K [0x000000070b000000, 0x0000000800000000)
  region size 2048K, 32 young (65536K), 4 survivors (8192K)
 Metaspace       used 83348K, committed 84096K, reserved 1179648K
  class space    used 11969K, committed 12288K, reserved 1048576K
}
Event: 7.728 GC heap after
{Heap after GC invocations=18 (full 0):
 garbage-first heap   total 116736K, used 43225K [0x000000070b000000, 0x0000000800000000)
  region size 2048K, 2 young (4096K), 2 survivors (4096K)
 Metaspace       used 83348K, committed 84096K, reserved 1179648K
  class space    used 11969K, committed 12288K, reserved 1048576K
}
Event: 7.991 GC heap before
{Heap before GC invocations=19 (full 0):
 garbage-first heap   total 116736K, used 102617K [0x000000070b000000, 0x0000000800000000)
  region size 2048K, 31 young (63488K), 2 survivors (4096K)
 Metaspace       used 84174K, committed 84928K, reserved 1179648K
  class space    used 12144K, committed 12480K, reserved 1048576K
}
Event: 7.994 GC heap after
{Heap after GC invocations=20 (full 0):
 garbage-first heap   total 116736K, used 47626K [0x000000070b000000, 0x0000000800000000)
  region size 2048K, 4 young (8192K), 4 survivors (8192K)
 Metaspace       used 84174K, committed 84928K, reserved 1179648K
  class space    used 12144K, committed 12480K, reserved 1048576K
}
Event: 8.123 GC heap before
{Heap before GC invocations=20 (full 0):
 garbage-first heap   total 116736K, used 98826K [0x000000070b000000, 0x0000000800000000)
  region size 2048K, 29 young (59392K), 4 survivors (8192K)
 Metaspace       used 84251K, committed 84992K, reserved 1179648K
  class space    used 12150K, committed 12480K, reserved 1048576K
}

